<?xml version="1.0" encoding="UTF-8"?>
<testng-results skipped="0" failed="1" total="5" passed="4">
  <reporter-output>
    <line>
      <![CDATA[Only state with with min loan amount requirement of $3,005 :  Georgia]]>
    </line>
    <line>
      <![CDATA[Only state with min age as 19 :  Alabama]]>
    </line>
  </reporter-output>
  <suite name="Command line suite" duration-ms="59029" started-at="2018-10-16T02:37:40Z" finished-at="2018-10-16T02:38:39Z">
    <groups>
    </groups>
    <test name="Command line test" duration-ms="59029" started-at="2018-10-16T02:37:40Z" finished-at="2018-10-16T02:38:39Z">
      <class name="com.test.HomePageTest">
        <test-method status="PASS" signature="setUp()[pri:0, instance:com.test.HomePageTest@4909b8da]" name="setUp" is-config="true" duration-ms="13209" started-at="2018-10-15T21:37:44Z" finished-at="2018-10-15T21:37:57Z">
          <reporter-output>
          </reporter-output>
        </test-method> <!-- setUp -->
        <test-method status="PASS" signature="SignUp()[pri:0, instance:com.test.HomePageTest@4909b8da]" name="SignUp" duration-ms="19785" started-at="2018-10-15T21:37:57Z" finished-at="2018-10-15T21:38:17Z">
          <reporter-output>
          </reporter-output>
        </test-method> <!-- SignUp -->
        <test-method status="PASS" signature="tearDown()[pri:0, instance:com.test.HomePageTest@4909b8da]" name="tearDown" is-config="true" duration-ms="761" started-at="2018-10-15T21:38:17Z" finished-at="2018-10-15T21:38:18Z">
          <reporter-output>
          </reporter-output>
        </test-method> <!-- tearDown -->
      </class> <!-- com.test.HomePageTest -->
      <class name="com.test.LoginPageTest">
        <test-method status="PASS" signature="setUp()[pri:0, instance:com.test.LoginPageTest@3a03464]" name="setUp" is-config="true" duration-ms="8815" started-at="2018-10-15T21:38:18Z" finished-at="2018-10-15T21:38:26Z">
          <reporter-output>
          </reporter-output>
        </test-method> <!-- setUp -->
        <test-method status="PASS" signature="Login()[pri:0, instance:com.test.LoginPageTest@3a03464]" name="Login" duration-ms="11671" started-at="2018-10-15T21:38:26Z" depends-on-methods="com.test.HomePageTest.SignUp" finished-at="2018-10-15T21:38:38Z">
          <reporter-output>
          </reporter-output>
        </test-method> <!-- Login -->
        <test-method status="PASS" signature="tearDown()[pri:0, instance:com.test.LoginPageTest@3a03464]" name="tearDown" is-config="true" duration-ms="774" started-at="2018-10-15T21:38:38Z" finished-at="2018-10-15T21:38:39Z">
          <reporter-output>
          </reporter-output>
        </test-method> <!-- tearDown -->
      </class> <!-- com.test.LoginPageTest -->
      <class name="com.test.ApiValidationTest">
        <test-method status="PASS" signature="getResponse()[pri:0, instance:com.test.ApiValidationTest@5d624da6]" name="getResponse" is-config="true" duration-ms="3920" started-at="2018-10-15T21:37:40Z" finished-at="2018-10-15T21:37:44Z">
          <reporter-output>
          </reporter-output>
        </test-method> <!-- getResponse -->
        <test-method status="PASS" signature="validateStateMinLoanAmount()[pri:0, instance:com.test.ApiValidationTest@5d624da6]" name="validateStateMinLoanAmount" duration-ms="94" started-at="2018-10-15T21:37:44Z" finished-at="2018-10-15T21:37:44Z">
          <reporter-output>
            <line>
              <![CDATA[Only state with with min loan amount requirement of $3,005 :  Georgia]]>
            </line>
          </reporter-output>
        </test-method> <!-- validateStateMinLoanAmount -->
        <test-method status="PASS" signature="validateStateMinAge()[pri:0, instance:com.test.ApiValidationTest@5d624da6]" name="validateStateMinAge" duration-ms="0" started-at="2018-10-15T21:37:44Z" finished-at="2018-10-15T21:37:44Z">
          <reporter-output>
            <line>
              <![CDATA[Only state with min age as 19 :  Alabama]]>
            </line>
          </reporter-output>
        </test-method> <!-- validateStateMinAge -->
        <test-method status="FAIL" signature="validateStateCode()[pri:0, instance:com.test.ApiValidationTest@5d624da6]" name="validateStateCode" duration-ms="0" started-at="2018-10-15T21:37:44Z" finished-at="2018-10-15T21:37:44Z">
          <exception class="java.lang.AssertionError">
            <message>
              <![CDATA[District of ColumbiaNot a valid state expected [true] but found [false]]]>
            </message>
            <full-stacktrace>
              <![CDATA[java.lang.AssertionError: District of ColumbiaNot a valid state expected [true] but found [false]
	at org.testng.Assert.fail(Assert.java:94)
	at org.testng.Assert.failNotEquals(Assert.java:494)
	at org.testng.Assert.assertTrue(Assert.java:42)
	at com.test.ApiValidationTest.validateStateCode(ApiValidationTest.java:60)
	at sun.reflect.NativeMethodAccessorImpl.invoke0(Native Method)
	at sun.reflect.NativeMethodAccessorImpl.invoke(NativeMethodAccessorImpl.java:62)
	at sun.reflect.DelegatingMethodAccessorImpl.invoke(DelegatingMethodAccessorImpl.java:43)
	at java.lang.reflect.Method.invoke(Method.java:498)
	at org.testng.internal.MethodInvocationHelper.invokeMethod(MethodInvocationHelper.java:80)
	at org.testng.internal.Invoker.invokeMethod(Invoker.java:714)
	at org.testng.internal.Invoker.invokeTestMethod(Invoker.java:901)
	at org.testng.internal.Invoker.invokeTestMethods(Invoker.java:1231)
	at org.testng.internal.TestMethodWorker.invokeTestMethods(TestMethodWorker.java:127)
	at org.testng.internal.TestMethodWorker.run(TestMethodWorker.java:111)
	at org.testng.TestRunner.privateRun(TestRunner.java:767)
	at org.testng.TestRunner.run(TestRunner.java:617)
	at org.testng.SuiteRunner.runTest(SuiteRunner.java:334)
	at org.testng.SuiteRunner.runSequentially(SuiteRunner.java:329)
	at org.testng.SuiteRunner.privateRun(SuiteRunner.java:291)
	at org.testng.SuiteRunner.run(SuiteRunner.java:240)
	at org.testng.SuiteRunnerWorker.runSuite(SuiteRunnerWorker.java:52)
	at org.testng.SuiteRunnerWorker.run(SuiteRunnerWorker.java:86)
	at org.testng.TestNG.runSuitesSequentially(TestNG.java:1198)
	at org.testng.TestNG.runSuitesLocally(TestNG.java:1123)
	at org.testng.TestNG.run(TestNG.java:1031)
	at org.apache.maven.surefire.testng.TestNGExecutor.run(TestNGExecutor.java:77)
	at org.apache.maven.surefire.testng.TestNGDirectoryTestSuite.executeMulti(TestNGDirectoryTestSuite.java:159)
	at org.apache.maven.surefire.testng.TestNGDirectoryTestSuite.execute(TestNGDirectoryTestSuite.java:99)
	at org.apache.maven.surefire.testng.TestNGProvider.invoke(TestNGProvider.java:106)
	at sun.reflect.NativeMethodAccessorImpl.invoke0(Native Method)
	at sun.reflect.NativeMethodAccessorImpl.invoke(NativeMethodAccessorImpl.java:62)
	at sun.reflect.DelegatingMethodAccessorImpl.invoke(DelegatingMethodAccessorImpl.java:43)
	at java.lang.reflect.Method.invoke(Method.java:498)
	at org.apache.maven.surefire.util.ReflectionUtils.invokeMethodWithArray(ReflectionUtils.java:189)
	at org.apache.maven.surefire.booter.ProviderFactory$ProviderProxy.invoke(ProviderFactory.java:165)
	at org.apache.maven.surefire.booter.ProviderFactory.invokeProvider(ProviderFactory.java:85)
	at org.apache.maven.surefire.booter.ForkedBooter.runSuitesInProcess(ForkedBooter.java:115)
	at org.apache.maven.surefire.booter.ForkedBooter.main(ForkedBooter.java:75)
]]>
            </full-stacktrace>
          </exception> <!-- java.lang.AssertionError -->
          <reporter-output>
          </reporter-output>
        </test-method> <!-- validateStateCode -->
      </class> <!-- com.test.ApiValidationTest -->
    </test> <!-- Command line test -->
  </suite> <!-- Command line suite -->
</testng-results>
